<?xml version="1.0" encoding="UTF-8"?>
<!-- Generated by org.testng.reporters.JUnitReportReporter -->
<testsuite hostname="LAPTOP-1TA8DVSF" failures="0" tests="1" name="jenkinsseleniumproject.AmazonPage" time="21.613" errors="0" timestamp="2022-10-30T16:02:06 IST" skipped="0">
  <testcase classname="jenkinsseleniumproject.AmazonPage" name="login" time="21.613"/>
  <system-out/>
</testsuite> <!-- jenkinsseleniumproject.AmazonPage -->
